<?xml version="1.0" encoding="UTF-8"?>
<testng-results ignored="0" total="1" passed="1" failed="0" skipped="0">
  <reporter-output>
  </reporter-output>
  <suite started-at="2024-07-21T12:48:48 IST" name="Default suite" finished-at="2024-07-21T12:48:57 IST" duration-ms="8833">
    <groups>
    </groups>
    <test started-at="2024-07-21T12:48:48 IST" name="Default test" finished-at="2024-07-21T12:48:57 IST" duration-ms="8833">
      <class name="ExtentReport.Extent1">
        <test-method signature="Report()[pri:0, instance:ExtentReport.Extent1@644baf4a]" started-at="2024-07-21T12:48:48 IST" name="Report" finished-at="2024-07-21T12:48:57 IST" duration-ms="8794" status="PASS">
          <reporter-output>
          </reporter-output>
        </test-method> <!-- Report -->
      </class> <!-- ExtentReport.Extent1 -->
    </test> <!-- Default test -->
  </suite> <!-- Default suite -->
</testng-results>
