<?xml version="1.0" encoding="UTF-8"?>
<!-- Generated by org.testng.reporters.JUnitXMLReporter -->
<testsuite ignored="2" hostname="MAA15-CG146BRH5" failures="0" tests="0" time="0.011" errors="0" timestamp="2024-07-20T12:15:26 IST">
  <testcase classname="TestNGIgnore.TestNGIgnore1$TestNG4Ignore" name="demo3" time="0.0">
    <ignored/>
  </testcase> <!-- demo3 -->
  <testcase classname="TestNGIgnore.TestNGIgnore1$TestNG4Ignore" name="demo4" time="0.0">
    <ignored/>
  </testcase> <!-- demo4 -->
</testsuite>
